<?xml version="1.0" encoding="UTF-8"?>
<!-- Generated by org.testng.reporters.JUnitReportReporter -->
<testsuite hostname="DESKTOP-SEE9OFQ" failures="0" tests="2" name="com.tripgain.hotaltestscripts.TCH_01_VerifySearchFunctionalityForHotalForTwoDays" time="102.492" errors="0" timestamp="2025-07-25T10:56:30 IST" skipped="0">
  <testcase classname="com.tripgain.hotaltestscripts.TCH_01_VerifySearchFunctionalityForHotalForTwoDays" name="myTest" time="46.504"/>
  <testcase classname="com.tripgain.hotaltestscripts.TCH_01_VerifySearchFunctionalityForHotalForTwoDays" name="myTest" time="55.988"/>
</testsuite> <!-- com.tripgain.hotaltestscripts.TCH_01_VerifySearchFunctionalityForHotalForTwoDays -->
